Virtuoso Framework License (111) was checked out successfully. Total checkout time was 0.11s.
*WARNING* (icLic-203) Failed to check out license Virtuoso_Schematic_Editor_L ("Schematics L") to run Schematics L because of status code -12.
Attempting to check out the next available license Virtuoso_Schematic_Editor_XL ("Schematics XL") per license checkout order L, XL.
*INFO* (icLic-302) License Virtuoso_Schematic_Editor_XL ("Schematics XL") was used to run Schematics L.

Running simulation in directory: "/home/viterbi/00/rksingh/work_gpdk045/LVS/".

Loading gpdk045/libInit.il ...
	Loading gpdk045/loadCxt.ile ... done!
	Loading context 'gpdk045' from library 'gpdk045' ... done!
	Loading context 'pdkUtils' from library 'gpdk045' ... done!
	Loading gpdk045/gpdk045_customFilter.il ... done!
	Loading gpdk045/libInitCustomExit.il ... 
	Loading Environment Settings ...
	Loading gpdk045/gpdk045_PDKRegistrations.il ... done!

  *************************************************************           
  *              Cadence Design Systems, Inc.                 *           
  *                                                           *           
  *                    Generic 45nm PDK                       *           
  *                        (gpdk045)                          *           
  *                                                           *           
  *************************************************************           
	

	VERSION: 5.0 (22-Feb-2016)

done!
Loaded gpdk045/libInit.il successfully!
Running Artist Hierarchical Netlisting ...
Loading cdf.cxt 
End netlisting Feb 18 18:02:45 2020

Running simin
*WARNING* (icLic-203) Failed to check out license Virtuoso_Schematic_Editor_L ("Schematics L") to run Schematics L because of status code -12.
Attempting to check out the next available license Virtuoso_Schematic_Editor_XL ("Schematics XL") per license checkout order L, XL.
*INFO* (icLic-302) License Virtuoso_Schematic_Editor_XL ("Schematics XL") was used to run Schematics L.

Running runSim()...


Running runsim with simulator: "auCdl"
Begin simulation:    Feb 18 18:02:48 2020

auCdl netlisting completed
End simulation:      Feb 18 18:02:48 2020
INFO (AUCDL-21): (Analog) CDL netlisting completed successfully.